<?xml version="1.0" encoding="UTF-8" ?>
<testsuite tests="1" failures="0" name="com.delta.AppTest" time="0.016" errors="0" skipped="0">
  <properties>
    <property name="idea.version" value="2018.2.1"/>
    <property name="java.runtime.name" value="OpenJDK Runtime Environment"/>
    <property name="sun.boot.library.path" value="D:\Application\idea\jre64\bin"/>
    <property name="java.vm.version" value="25.152-b8"/>
    <property name="java.vm.vendor" value="JetBrains s.r.o"/>
    <property name="maven.multiModuleProjectDirectory" value="$M2_HOME"/>
    <property name="java.vendor.url" value="https://www.jetbrains.com/"/>
    <property name="path.separator" value=";"/>
    <property name="guice.disable.misplaced.annotation.check" value="true"/>
    <property name="java.vm.name" value="OpenJDK 64-Bit Server VM"/>
    <property name="file.encoding.pkg" value="sun.io"/>
    <property name="user.script" value=""/>
    <property name="user.country" value="TW"/>
    <property name="sun.java.launcher" value="SUN_STANDARD"/>
    <property name="sun.os.patch.level" value=""/>
    <property name="java.vm.specification.name" value="Java Virtual Machine Specification"/>
    <property name="user.dir" value="E:\work\system_develop_management\system_management_dao"/>
    <property name="java.runtime.version" value="1.8.0_152-release-1248-b8"/>
    <property name="java.awt.graphicsenv" value="sun.awt.Win32GraphicsEnvironment"/>
    <property name="java.endorsed.dirs" value="D:\Application\idea\jre64\lib\endorsed"/>
    <property name="os.arch" value="amd64"/>
    <property name="java.io.tmpdir" value="C:\Users\NAN~1.ZHA\AppData\Local\Temp\"/>
    <property name="line.separator" value="
"/>
    <property name="java.vm.specification.vendor" value="Oracle Corporation"/>
    <property name="user.variant" value=""/>
    <property name="os.name" value="Windows 10"/>
    <property name="classworlds.conf" value="D:\Application\maven\apache-maven-3.5.4\bin\m2.conf"/>
    <property name="sun.jnu.encoding" value="MS950"/>
    <property name="java.library.path" value="D:\Application\idea\jre64\bin;C:\Windows\Sun\Java\bin;C:\Windows\system32;C:\Windows;C:\Program Files (x86)\Common Files\Oracle\Java\javapath;D:\Applicatin\OracleODAC\base_dir\product\12.2.0\client_1;D:\Applicatin\OracleODAC\base_dir\product\12.2.0\client_1\bin;C:\Windows\system32;C:\Windows;C:\Windows\System32\Wbem;C:\Windows\System32\WindowsPowerShell\v1.0\;C:\Windows\System32\OpenSSH\;D:\Application\jdk\bin;D:\Application\jre\bin;D:\Application\maven\apache-maven-3.5.4\bin;D:\Application\nodejs\;D:\Application\nodejs\node-global;D:\Application\zookeeper-3.4.13\bin;C:\Users\nan.zhao\AppData\Local\Microsoft\WindowsApps;C:\Users\nan.zhao\AppData\Roaming\npm;D:\Application\VSCode\Microsoft VS Code\bin;."/>
    <property name="maven.conf" value="D:\Application\maven\apache-maven-3.5.4/conf"/>
    <property name="java.specification.name" value="Java Platform API Specification"/>
    <property name="java.class.version" value="52.0"/>
    <property name="sun.management.compiler" value="HotSpot 64-Bit Tiered Compilers"/>
    <property name="os.version" value="10.0"/>
    <property name="user.home" value="C:\Users\nan.zhao"/>
    <property name="user.timezone" value="Asia/Shanghai"/>
    <property name="java.awt.printerjob" value="sun.awt.windows.WPrinterJob"/>
    <property name="java.specification.version" value="1.8"/>
    <property name="file.encoding" value="UTF-8"/>
    <property name="user.name" value="NAN.ZHAO"/>
    <property name="java.class.path" value="D:\Application\maven\apache-maven-3.5.4\boot\plexus-classworlds-2.5.2.jar;D:\Application\idea\lib\idea_rt.jar"/>
    <property name="java.vm.specification.version" value="1.8"/>
    <property name="sun.arch.data.model" value="64"/>
    <property name="java.home" value="D:\Application\idea\jre64"/>
    <property name="sun.java.command" value="org.codehaus.classworlds.Launcher -Didea.version=2018.2.1 -s D:\Application\maven\apache-maven-3.5.4\conf\settings.xml install"/>
    <property name="java.specification.vendor" value="Oracle Corporation"/>
    <property name="user.language" value="zh"/>
    <property name="awt.toolkit" value="sun.awt.windows.WToolkit"/>
    <property name="java.vm.info" value="mixed mode"/>
    <property name="java.version" value="1.8.0_152-release"/>
    <property name="java.ext.dirs" value="D:\Application\idea\jre64\lib\ext;C:\Windows\Sun\Java\lib\ext"/>
    <property name="sun.boot.class.path" value="D:\Application\idea\jre64\lib\resources.jar;D:\Application\idea\jre64\lib\rt.jar;D:\Application\idea\jre64\lib\sunrsasign.jar;D:\Application\idea\jre64\lib\jsse.jar;D:\Application\idea\jre64\lib\jce.jar;D:\Application\idea\jre64\lib\charsets.jar;D:\Application\idea\jre64\lib\jfr.jar;D:\Application\idea\jre64\classes"/>
    <property name="java.vendor" value="JetBrains s.r.o"/>
    <property name="maven.home" value="D:\Application\maven\apache-maven-3.5.4"/>
    <property name="file.separator" value="\"/>
    <property name="java.vendor.url.bug" value="https://youtrack.jetbrains.com"/>
    <property name="sun.cpu.endian" value="little"/>
    <property name="sun.io.unicode.encoding" value="UnicodeLittle"/>
    <property name="sun.desktop" value="windows"/>
    <property name="sun.cpu.isalist" value="amd64"/>
  </properties>
  <testcase classname="com.delta.AppTest" name="shouldAnswerWithTrue" time="0.016"/>
</testsuite>